[0.043s] Invoking command in '/home/john/Documents/swarm_ws/build/swarmtal_msgs': /usr/bin/cmake /home/john/Documents/swarm_ws/src/swarmtal_msgs -DCATKIN_INSTALL_INTO_PREFIX_ROOT=0 -DCATKIN_SYMLINK_INSTALL=ON -DCMAKE_INSTALL_PREFIX=/home/john/Documents/swarm_ws/install/swarmtal_msgs
[0.313s] -- The C compiler identification is GNU 7.5.0
[0.387s] -- The CXX compiler identification is GNU 7.5.0
[0.393s] -- Check for working C compiler: /usr/bin/cc
[0.486s] -- Check for working C compiler: /usr/bin/cc -- works
[0.487s] -- Detecting C compiler ABI info
[0.585s] -- Detecting C compiler ABI info - done
[0.595s] -- Detecting C compile features
[0.856s] -- Detecting C compile features - done
[0.860s] -- Check for working CXX compiler: /usr/bin/c++
[0.967s] -- Check for working CXX compiler: /usr/bin/c++ -- works
[0.968s] -- Detecting CXX compiler ABI info
[1.079s] -- Detecting CXX compiler ABI info - done
[1.094s] -- Detecting CXX compile features
[1.587s] -- Detecting CXX compile features - done
[1.589s] -- Using CATKIN_DEVEL_PREFIX: /home/john/Documents/swarm_ws/build/swarmtal_msgs/devel
[1.589s] -- Using CMAKE_PREFIX_PATH: /opt/ros/melodic
[1.589s] -- This workspace overlays: /opt/ros/melodic
[1.591s] -- Override CMake install command with custom implementation using symlinks instead of copying resources
[1.608s] -- Found PythonInterp: /usr/bin/python2 (found suitable version "2.7.17", minimum required is "2") 
[1.609s] -- Using PYTHON_EXECUTABLE: /usr/bin/python2
[1.609s] -- Using Debian Python package layout
[1.609s] -- Using empy: /usr/bin/empy
[1.794s] -- Using CATKIN_ENABLE_TESTING: ON
[1.794s] -- Call enable_testing()
[1.795s] -- Using CATKIN_TEST_RESULTS_DIR: /home/john/Documents/swarm_ws/build/swarmtal_msgs/test_results
[1.825s] -- Found gtest sources under '/usr/src/googletest': gtests will be built
[1.825s] -- Found gmock sources under '/usr/src/googletest': gmock will be built
[1.843s] -- Found PythonInterp: /usr/bin/python2 (found version "2.7.17") 
[1.844s] -- Looking for pthread.h
[1.924s] -- Looking for pthread.h - found
[1.924s] -- Looking for pthread_create
[2.023s] -- Looking for pthread_create - not found
[2.024s] -- Looking for pthread_create in pthreads
[2.088s] -- Looking for pthread_create in pthreads - not found
[2.088s] -- Looking for pthread_create in pthread
[2.178s] -- Looking for pthread_create in pthread - found
[2.180s] -- Found Threads: TRUE  
[2.184s] -- Using Python nosetests: /usr/bin/nosetests-2.7
[2.229s] -- catkin 0.7.29
[2.229s] -- BUILD_SHARED_LIBS is on
[2.378s] -- Using these message generators: gencpp;geneus;genlisp;gennodejs;genpy
[2.707s] -- swarmtal_msgs: 4 messages, 0 services
[2.856s] -- Configuring done
[2.882s] -- Generating done
[2.889s] -- Build files have been written to: /home/john/Documents/swarm_ws/build/swarmtal_msgs
