[0.042s] Invoking command in '/home/john/Documents/swarm_ws/build/vins': /usr/bin/cmake /home/john/Documents/swarm_ws/src/vins_estimator -DCATKIN_INSTALL_INTO_PREFIX_ROOT=0 -DCATKIN_SYMLINK_INSTALL=ON -DCMAKE_INSTALL_PREFIX=/home/john/Documents/swarm_ws/install/vins
[0.291s] -- The C compiler identification is GNU 7.5.0
[0.367s] -- The CXX compiler identification is GNU 7.5.0
[0.373s] -- Check for working C compiler: /usr/bin/cc
[0.461s] -- Check for working C compiler: /usr/bin/cc -- works
[0.462s] -- Detecting C compiler ABI info
[0.550s] -- Detecting C compiler ABI info - done
[0.568s] -- Detecting C compile features
[0.847s] -- Detecting C compile features - done
[0.851s] -- Check for working CXX compiler: /usr/bin/c++
[0.953s] -- Check for working CXX compiler: /usr/bin/c++ -- works
[0.954s] -- Detecting CXX compiler ABI info
[1.062s] -- Detecting CXX compiler ABI info - done
[1.072s] -- Detecting CXX compile features
[1.576s] -- Detecting CXX compile features - done
[1.921s] -- Found OpenMP_C: -fopenmp (found version "4.5") 
[2.034s] -- Found OpenMP_CXX: -fopenmp (found version "4.5") 
[2.035s] -- Found OpenMP: TRUE (found version "4.5")  
[2.037s] -- Using CATKIN_DEVEL_PREFIX: /home/john/Documents/swarm_ws/build/vins/devel
[2.037s] -- Using CMAKE_PREFIX_PATH: /opt/ros/melodic
[2.037s] -- This workspace overlays: /opt/ros/melodic
[2.040s] -- Override CMake install command with custom implementation using symlinks instead of copying resources
[2.059s] -- Found PythonInterp: /usr/bin/python2 (found suitable version "2.7.17", minimum required is "2") 
[2.060s] -- Using PYTHON_EXECUTABLE: /usr/bin/python2
[2.060s] -- Using Debian Python package layout
[2.060s] -- Using empy: /usr/bin/empy
[2.255s] -- Using CATKIN_ENABLE_TESTING: ON
[2.255s] -- Call enable_testing()
[2.257s] -- Using CATKIN_TEST_RESULTS_DIR: /home/john/Documents/swarm_ws/build/vins/test_results
[2.281s] -- Found gtest sources under '/usr/src/googletest': gtests will be built
[2.281s] -- Found gmock sources under '/usr/src/googletest': gmock will be built
[2.296s] -- Found PythonInterp: /usr/bin/python2 (found version "2.7.17") 
[2.298s] -- Looking for pthread.h
[2.387s] -- Looking for pthread.h - found
[2.387s] -- Looking for pthread_create
[2.468s] -- Looking for pthread_create - not found
[2.468s] -- Looking for pthread_create in pthreads
[2.530s] -- Looking for pthread_create in pthreads - not found
[2.530s] -- Looking for pthread_create in pthread
[2.597s] -- Looking for pthread_create in pthread - found
[2.599s] -- Found Threads: TRUE  
[2.603s] -- Using Python nosetests: /usr/bin/nosetests-2.7
[2.645s] -- catkin 0.7.29
[2.646s] -- BUILD_SHARED_LIBS is on
[2.744s] -- Using these message generators: gencpp;geneus;genlisp;gennodejs;genpy
[2.915s] -- Could NOT find cv_bridge (missing: cv_bridge_DIR)
[2.915s] -- Could not find the required component 'cv_bridge'. The following CMake error indicates that you either need to install the package with the same name or change your environment so that it can be found.
[2.916s] CMake Error at /opt/ros/melodic/share/catkin/cmake/catkinConfig.cmake:83 (find_package):
[2.916s]   Could not find a package configuration file provided by "cv_bridge" with
[2.916s]   any of the following names:
[2.916s] 
[2.916s]     cv_bridgeConfig.cmake
[2.916s]     cv_bridge-config.cmake
[2.916s] 
[2.917s]   Add the installation prefix of "cv_bridge" to CMAKE_PREFIX_PATH or set
[2.917s]   "cv_bridge_DIR" to a directory containing one of the above files.  If
[2.917s]   "cv_bridge" provides a separate development package or SDK, be sure it has
[2.917s]   been installed.
[2.917s] Call Stack (most recent call first):
[2.917s]   CMakeLists.txt:16 (find_package)
[2.917s] 
[2.918s] 
[2.918s] -- Configuring incomplete, errors occurred!
[2.918s] See also "/home/john/Documents/swarm_ws/build/vins/CMakeFiles/CMakeOutput.log".
[2.918s] See also "/home/john/Documents/swarm_ws/build/vins/CMakeFiles/CMakeError.log".
