-- The C compiler identification is GNU 7.5.0
-- The CXX compiler identification is GNU 7.5.0
-- Check for working C compiler: /usr/bin/cc
-- Check for working C compiler: /usr/bin/cc -- works
-- Detecting C compiler ABI info
-- Detecting C compiler ABI info - done
-- Detecting C compile features
-- Detecting C compile features - done
-- Check for working CXX compiler: /usr/bin/c++
-- Check for working CXX compiler: /usr/bin/c++ -- works
-- Detecting CXX compiler ABI info
-- Detecting CXX compiler ABI info - done
-- Detecting CXX compile features
-- Detecting CXX compile features - done
CMake Error at CMakeLists.txt:4 (find_package):
  By not providing "Findament_cmake_python.cmake" in CMAKE_MODULE_PATH this
  project has asked CMake to find a package configuration file provided by
  "ament_cmake_python", but CMake did not find one.

  Could not find a package configuration file provided by
  "ament_cmake_python" with any of the following names:

    ament_cmake_pythonConfig.cmake
    ament_cmake_python-config.cmake

  Add the installation prefix of "ament_cmake_python" to CMAKE_PREFIX_PATH or
  set "ament_cmake_python_DIR" to a directory containing one of the above
  files.  If "ament_cmake_python" provides a separate development package or
  SDK, be sure it has been installed.


-- Configuring incomplete, errors occurred!
See also "/home/john/Documents/swarm_ws/build/image_geometry/CMakeFiles/CMakeOutput.log".
