[0.042s] Invoking command in '/home/john/Documents/swarm_ws/build/image_geometry': /usr/bin/cmake /home/john/Documents/swarm_ws/src/image_geometry -DAMENT_CMAKE_SYMLINK_INSTALL=1 -DCMAKE_INSTALL_PREFIX=/home/john/Documents/swarm_ws/install/image_geometry
[0.275s] -- The C compiler identification is GNU 7.5.0
[0.346s] -- The CXX compiler identification is GNU 7.5.0
[0.351s] -- Check for working C compiler: /usr/bin/cc
[0.441s] -- Check for working C compiler: /usr/bin/cc -- works
[0.442s] -- Detecting C compiler ABI info
[0.531s] -- Detecting C compiler ABI info - done
[0.540s] -- Detecting C compile features
[0.804s] -- Detecting C compile features - done
[0.806s] -- Check for working CXX compiler: /usr/bin/c++
[0.910s] -- Check for working CXX compiler: /usr/bin/c++ -- works
[0.911s] -- Detecting CXX compiler ABI info
[1.023s] -- Detecting CXX compiler ABI info - done
[1.031s] -- Detecting CXX compile features
[1.499s] -- Detecting CXX compile features - done
[1.507s] CMake Error at CMakeLists.txt:4 (find_package):
[1.507s]   By not providing "Findament_cmake_python.cmake" in CMAKE_MODULE_PATH this
[1.508s]   project has asked CMake to find a package configuration file provided by
[1.508s]   "ament_cmake_python", but CMake did not find one.
[1.508s] 
[1.508s]   Could not find a package configuration file provided by
[1.508s]   "ament_cmake_python" with any of the following names:
[1.508s] 
[1.508s]     ament_cmake_pythonConfig.cmake
[1.508s]     ament_cmake_python-config.cmake
[1.509s] 
[1.509s]   Add the installation prefix of "ament_cmake_python" to CMAKE_PREFIX_PATH or
[1.509s]   set "ament_cmake_python_DIR" to a directory containing one of the above
[1.509s]   files.  If "ament_cmake_python" provides a separate development package or
[1.509s]   SDK, be sure it has been installed.
[1.509s] 
[1.509s] 
[1.509s] -- Configuring incomplete, errors occurred!
[1.509s] See also "/home/john/Documents/swarm_ws/build/image_geometry/CMakeFiles/CMakeOutput.log".
